<?xml version="1.0" encoding="UTF-8"?>
<!-- Generated by org.testng.reporters.JUnitReportReporter -->
<testsuite hostname="LAPTOP-7Q4V18QD" failures="0" tests="1" name="testNGpackage.parameterstest" time="15.911" errors="0" timestamp="2022-05-20T19:22:09 IST" skipped="0">
  <testcase classname="testNGpackage.parameterstest" name="yahoologin" time="15.911"/>
  <system-out/>
</testsuite> <!-- testNGpackage.parameterstest -->
