<?xml version="1.0" encoding="UTF-8"?>
<!-- Generated by org.testng.reporters.JUnitReportReporter -->
<testsuite hostname="LAPTOP-7Q4V18QD" failures="0" tests="2" name="testNGpackage.dataprovidertest" time="56.527" errors="0" timestamp="2022-06-15T20:45:31 IST" skipped="0">
  <testcase classname="testNGpackage.dataprovidertest" name="loginpage" time="33.801"/>
  <system-out/>
  <testcase classname="testNGpackage.dataprovidertest" name="loginpage" time="22.726"/>
  <system-out/>
</testsuite> <!-- testNGpackage.dataprovidertest -->
