<?xml version="1.0" encoding="UTF-8"?>
<!-- Generated by org.testng.reporters.JUnitReportReporter -->
<testsuite hostname="LAPTOP-7Q4V18QD" failures="0" tests="2" name="project.test" time="0.017" errors="0" timestamp="2022-06-21T19:27:22 IST" skipped="0">
  <testcase classname="project.test" name="testMethod1" time="0.006"/>
  <system-out/>
  <testcase classname="project.test" name="testMethod" time="0.011"/>
  <system-out/>
</testsuite> <!-- project.test -->
