<?xml version="1.0" encoding="UTF-8"?>
<!-- Generated by org.testng.reporters.JUnitReportReporter -->
<testsuite hostname="LAPTOP-7Q4V18QD" failures="0" tests="4" name="testNGpackage.testngframework2" time="38.787" errors="0" timestamp="2022-05-19T12:09:44 IST" skipped="0">
  <testcase classname="testNGpackage.testngframework2" name="gettile" time="13.606"/>
  <system-out/>
  <testcase classname="testNGpackage.testngframework2" name="enterURL2" time="8.575"/>
  <system-out/>
  <testcase classname="testNGpackage.testngframework2" name="enterURL1" time="8.872"/>
  <system-out/>
  <testcase classname="testNGpackage.testngframework2" name="enterURL3" time="7.734"/>
  <system-out/>
</testsuite> <!-- testNGpackage.testngframework2 -->
