<?xml version="1.0" encoding="UTF-8"?>
<!-- Generated by org.testng.reporters.JUnitReportReporter -->
<testsuite hostname="LAPTOP-7Q4V18QD" failures="0" tests="10" name="testNGpackage.Invocationcount" time="0.039" errors="0" timestamp="2022-05-19T18:00:07 IST" skipped="0">
  <testcase classname="testNGpackage.Invocationcount" name="invocationcount" time="0.003"/>
  <system-out/>
  <testcase classname="testNGpackage.Invocationcount" name="invocationcount" time="0.003"/>
  <system-out/>
  <testcase classname="testNGpackage.Invocationcount" name="invocationcount" time="0.004"/>
  <system-out/>
  <testcase classname="testNGpackage.Invocationcount" name="invocationcount" time="0.009"/>
  <system-out/>
  <testcase classname="testNGpackage.Invocationcount" name="invocationcount" time="0.004"/>
  <system-out/>
  <testcase classname="testNGpackage.Invocationcount" name="invocationcount" time="0.002"/>
  <system-out/>
  <testcase classname="testNGpackage.Invocationcount" name="invocationcount" time="0.002"/>
  <system-out/>
  <testcase classname="testNGpackage.Invocationcount" name="invocationcount" time="0.008"/>
  <system-out/>
  <testcase classname="testNGpackage.Invocationcount" name="invocationcount" time="0.003"/>
  <system-out/>
  <testcase classname="testNGpackage.Invocationcount" name="invocationcount" time="0.001"/>
  <system-out/>
</testsuite> <!-- testNGpackage.Invocationcount -->
