<?xml version="1.0" encoding="UTF-8"?>
<!-- Generated by org.testng.reporters.JUnitReportReporter -->
<testsuite hostname="LAPTOP-7Q4V18QD" failures="0" tests="2" name="testNGpackage.testngframeworktest1" time="0.013" errors="0" timestamp="2022-05-18T14:00:27 IST" skipped="0">
  <testcase classname="testNGpackage.testngframeworktest1" name="test1" time="0.009"/>
  <system-out/>
  <testcase classname="testNGpackage.testngframeworktest1" name="test2" time="0.004"/>
  <system-out/>
</testsuite> <!-- testNGpackage.testngframeworktest1 -->
